/vol/synopsys/fpga/O-2018.09-SP1/bin/m_altera  -prodtype  synplify_premier  -encrypt  -pro  -rundir  "/home/tei0259/CE 387/HW8/syn/rev_1"   -part EP4CE6EA22-7    -maxfan 30 -verification_mode 0 -infer_seqShift -pipe -retiming -fixgatedclocks 1 -fixgeneratedclocks 1 -syn_altera_model on -mif_files_dirs " " -synthesis_strategy advanced -continue_on_error -validate_mif_files -reporting_ctd 0 -RWCheckOnRam 1 -summaryfile "/home/tei0259/CE 387/HW8/syn/rev_1/synlog/report/top_nn_fpga_mapper.xml" -merge_inferred_clocks 0  -map  -licensetype  synplifypremierdp  -flow mapping  -mp  4  -prjfile  "/home/tei0259/CE 387/HW8/syn/rev_1/scratchproject.prs"  -implementation  rev_1  -multisrs  -vqm41  -ovqm  "/home/tei0259/CE 387/HW8/syn/rev_1/top_nn.vqm"   -autoconstraint  -freq 1.000   "/home/tei0259/CE 387/HW8/syn/rev_1/synwork/top_nn_prem.srd"  -sap  "/home/tei0259/CE 387/HW8/syn/rev_1/top_nn.sap"  -otap  "/home/tei0259/CE 387/HW8/syn/rev_1/top_nn.tap"  -omap  "/home/tei0259/CE 387/HW8/syn/rev_1/top_nn.map"  -devicelib  /vol/synopsys/fpga/O-2018.09-SP1/lib/altera/altera.v  -devicelib  /vol/synopsys/fpga/O-2018.09-SP1/lib/altera/quartus_prime181/cycloneive.v  -devicelib  /vol/synopsys/fpga/O-2018.09-SP1/lib/altera/quartus_prime181/altera_mf.v  -devicelib  /vol/synopsys/fpga/O-2018.09-SP1/lib/altera/quartus_prime181/altera_lpm.v  -devicelib  /vol/synopsys/fpga/O-2018.09-SP1/lib/altera/quartus_prime181/altera_primitives.v  -sap  "/home/tei0259/CE 387/HW8/syn/rev_1/top_nn.sap"  -ologparam  "/home/tei0259/CE 387/HW8/syn/rev_1/syntmp/top_nn.plg"  -osyn  "/home/tei0259/CE 387/HW8/syn/rev_1/top_nn.srm"  -prjdir  "/home/tei0259/CE 387/HW8/syn/"  -prjname  nn  -log  "/home/tei0259/CE 387/HW8/syn/rev_1/synlog/top_nn_fpga_mapper.srr"  -sn  2018.09  -jobname  "fpga_mapper" 
relcom:/vol/synopsys/fpga/O-2018.09-SP1/bin/m_altera -prodtype synplify_premier -encrypt -pro -rundir "/home/tei0259/CE 387/HW8/syn/rev_1" -part EP4CE6EA22-7 -maxfan 30 -verification_mode 0 -infer_seqShift -pipe -retiming -fixgatedclocks 1 -fixgeneratedclocks 1 -syn_altera_model on -mif_files_dirs " " -synthesis_strategy advanced -continue_on_error -validate_mif_files -reporting_ctd 0 -RWCheckOnRam 1 -summaryfile "/home/tei0259/CE 387/HW8/syn/rev_1/synlog/report/top_nn_fpga_mapper.xml" -merge_inferred_clocks 0 -map -licensetype synplifypremierdp -flow mapping -mp 4 -prjfile "/home/tei0259/CE 387/HW8/syn/rev_1/scratchproject.prs" -implementation rev_1 -multisrs -vqm41 -ovqm "/home/tei0259/CE 387/HW8/syn/rev_1/top_nn.vqm" -autoconstraint -freq 1.000 "/home/tei0259/CE 387/HW8/syn/rev_1/synwork/top_nn_prem.srd" -sap "/home/tei0259/CE 387/HW8/syn/rev_1/top_nn.sap" -otap "/home/tei0259/CE 387/HW8/syn/rev_1/top_nn.tap" -omap "/home/tei0259/CE 387/HW8/syn/rev_1/top_nn.map" -devicelib /vol/synopsys/fpga/O-2018.09-SP1/lib/altera/altera.v -devicelib /vol/synopsys/fpga/O-2018.09-SP1/lib/altera/quartus_prime181/cycloneive.v -devicelib /vol/synopsys/fpga/O-2018.09-SP1/lib/altera/quartus_prime181/altera_mf.v -devicelib /vol/synopsys/fpga/O-2018.09-SP1/lib/altera/quartus_prime181/altera_lpm.v -devicelib /vol/synopsys/fpga/O-2018.09-SP1/lib/altera/quartus_prime181/altera_primitives.v -sap "/home/tei0259/CE 387/HW8/syn/rev_1/top_nn.sap" -ologparam "/home/tei0259/CE 387/HW8/syn/rev_1/syntmp/top_nn.plg" -osyn "/home/tei0259/CE 387/HW8/syn/rev_1/top_nn.srm" -prjdir "/home/tei0259/CE 387/HW8/syn/" -prjname nn -log "/home/tei0259/CE 387/HW8/syn/rev_1/synlog/top_nn_fpga_mapper.srr" -sn 2018.09 -jobname "fpga_mapper"
rc:1 success:1 runtime:3
file:../scratchproject.prs|io:o|time:1772927731|size:2083|exec:0|csum:
file:../top_nn.vqm|io:o|time:1772927736|size:392379|exec:0|csum:
file:../synwork/top_nn_prem.srd|io:i|time:1772927733|size:42277|exec:0|csum:6D3930EADDEA5246B7C510D8B39F84F4
file:../top_nn.sap|io:o|time:1772927733|size:1072|exec:0|csum:
file:../top_nn.tap|io:o|time:0|size:-1|exec:0|csum:
file:../top_nn.map|io:o|time:1772927736|size:27|exec:0|csum:
file:/vol/synopsys/fpga/O-2018.09-SP1/lib/altera/altera.v|io:i|time:1543381811|size:761|exec:0|csum:530DBF8BEE396EFE8B33F0255371F1EA
file:/vol/synopsys/fpga/O-2018.09-SP1/lib/altera/quartus_prime181/cycloneive.v|io:i|time:1543381840|size:248626|exec:0|csum:B7FC851277DB49C2CA5F418047EB2E4F
file:/vol/synopsys/fpga/O-2018.09-SP1/lib/altera/quartus_prime181/altera_mf.v|io:i|time:1543381839|size:2618882|exec:0|csum:84794777C52804010B1D63698E285DB9
file:/vol/synopsys/fpga/O-2018.09-SP1/lib/altera/quartus_prime181/altera_lpm.v|io:i|time:1543381839|size:14867|exec:0|csum:01D82E1D5975CD832C9D765243E5182D
file:/vol/synopsys/fpga/O-2018.09-SP1/lib/altera/quartus_prime181/altera_primitives.v|io:i|time:1543381839|size:35286|exec:0|csum:C0AAD8CA21730C472D624582C058B929
file:../top_nn.sap|io:o|time:1772927733|size:1072|exec:0|csum:
file:"/home/tei0259/CE 387/HW8/syn/rev_1/syntmp/top_nn.plg"|io:o|time:0|size:-1|exec:0|csum:
file:../top_nn.srm|io:o|time:1772927736|size:66589|exec:0|csum:
file:../synlog/top_nn_fpga_mapper.srr|io:o|time:1772927736|size:120190|exec:0|csum:
file:/vol/synopsys/fpga/O-2018.09-SP1/linux_a_64/m_altera|io:i|time:1543382473|size:31613712|exec:1|csum:5FBEB6EEDF3364EAF4B7F14711D19D39
file:/vol/synopsys/fpga/O-2018.09-SP1/bin/m_altera|io:i|time:1543381999|size:347|exec:1|csum:04851DFC0CBB288ED81DA3E420127D0D
