/vol/synopsys/fpga/O-2018.09-SP1/bin/c_hdl  -osyn  "/home/tei0259/CE 387/HW8/syn/rev_1/synwork/top_nn_comp.srs"  -hdllog  "/home/tei0259/CE 387/HW8/syn/rev_1/synlog/top_nn_compiler.srr"  -encrypt  -mp  4  -distcompmode 0 -verification_mode 0  -verilog  -prodtype  synplify_premier  -verification_mode 0 -infer_seqShift -primux -fixsmult -dspmac -nram -divnmod -continue_on_error -nostructver   -I "/home/tei0259/CE 387/HW8/syn/"  -I /vol/synopsys/fpga/O-2018.09-SP1/lib   -sysv  -devicelib  /vol/synopsys/fpga/O-2018.09-SP1/lib/altera/altera.v  -devicelib  /vol/synopsys/fpga/O-2018.09-SP1/lib/altera/quartus_prime181/cycloneive.v  -devicelib  /vol/synopsys/fpga/O-2018.09-SP1/lib/altera/quartus_prime181/altera_mf.v  -devicelib  /vol/synopsys/fpga/O-2018.09-SP1/lib/altera/quartus_prime181/altera_lpm.v  -devicelib  /vol/synopsys/fpga/O-2018.09-SP1/lib/altera/quartus_prime181/altera_primitives.v  -encrypt  -pro  -dmgen  "/home/tei0259/CE 387/HW8/syn/rev_1/dm"  -auto_infer_blackbox 0 -proto -ui -fid2 -ram -sharing on -ll 2000 -autosm  -D_MULTIPLE_FILE_COMPILATION_UNIT_  -fast_synthesis 0  -lib work -fsysv "/home/tei0259/CE 387/HW8/sv/weights_pkg.sv" -lib work -fsysv "/home/tei0259/CE 387/HW8/sv/fifo.sv" -lib work -fsysv "/home/tei0259/CE 387/HW8/sv/neuron.sv" -lib work -fsysv "/home/tei0259/CE 387/HW8/sv/layer.sv" -lib work -fsysv "/home/tei0259/CE 387/HW8/sv/argmax.sv" -lib work -fsysv "/home/tei0259/CE 387/HW8/sv/top_nn.sv"  -jobname  "compiler" 
relcom:/vol/synopsys/fpga/O-2018.09-SP1/bin/c_hdl -osyn "/home/tei0259/CE 387/HW8/syn/rev_1/synwork/top_nn_comp.srs" -hdllog "/home/tei0259/CE 387/HW8/syn/rev_1/synlog/top_nn_compiler.srr" -encrypt -mp 4 -distcompmode 0 -verification_mode 0 -verilog -prodtype synplify_premier -verification_mode 0 -infer_seqShift -primux -fixsmult -dspmac -nram -divnmod -continue_on_error -nostructver -I "/home/tei0259/CE 387/HW8/syn/" -I /vol/synopsys/fpga/O-2018.09-SP1/lib -sysv -devicelib /vol/synopsys/fpga/O-2018.09-SP1/lib/altera/altera.v -devicelib /vol/synopsys/fpga/O-2018.09-SP1/lib/altera/quartus_prime181/cycloneive.v -devicelib /vol/synopsys/fpga/O-2018.09-SP1/lib/altera/quartus_prime181/altera_mf.v -devicelib /vol/synopsys/fpga/O-2018.09-SP1/lib/altera/quartus_prime181/altera_lpm.v -devicelib /vol/synopsys/fpga/O-2018.09-SP1/lib/altera/quartus_prime181/altera_primitives.v -encrypt -pro -dmgen "/home/tei0259/CE 387/HW8/syn/rev_1/dm" -auto_infer_blackbox 0 -proto -ui -fid2 -ram -sharing on -ll 2000 -autosm -D_MULTIPLE_FILE_COMPILATION_UNIT_ -fast_synthesis 0 -lib work -fsysv "/home/tei0259/CE 387/HW8/sv/weights_pkg.sv" -lib work -fsysv "/home/tei0259/CE 387/HW8/sv/fifo.sv" -lib work -fsysv "/home/tei0259/CE 387/HW8/sv/neuron.sv" -lib work -fsysv "/home/tei0259/CE 387/HW8/sv/layer.sv" -lib work -fsysv "/home/tei0259/CE 387/HW8/sv/argmax.sv" -lib work -fsysv "/home/tei0259/CE 387/HW8/sv/top_nn.sv" -jobname "compiler"
rc:0 success:1 runtime:1
file:../synwork/top_nn_comp.srs|io:o|time:1772927720|size:26220|exec:0|csum:
file:../synlog/top_nn_compiler.srr|io:o|time:1772927732|size:300390|exec:0|csum:
file:/vol/synopsys/fpga/O-2018.09-SP1/lib/altera/altera.v|io:i|time:1543381811|size:761|exec:0|csum:530DBF8BEE396EFE8B33F0255371F1EA
file:/vol/synopsys/fpga/O-2018.09-SP1/lib/altera/quartus_prime181/cycloneive.v|io:i|time:1543381840|size:248626|exec:0|csum:B7FC851277DB49C2CA5F418047EB2E4F
file:/vol/synopsys/fpga/O-2018.09-SP1/lib/altera/quartus_prime181/altera_mf.v|io:i|time:1543381839|size:2618882|exec:0|csum:84794777C52804010B1D63698E285DB9
file:/vol/synopsys/fpga/O-2018.09-SP1/lib/altera/quartus_prime181/altera_lpm.v|io:i|time:1543381839|size:14867|exec:0|csum:01D82E1D5975CD832C9D765243E5182D
file:/vol/synopsys/fpga/O-2018.09-SP1/lib/altera/quartus_prime181/altera_primitives.v|io:i|time:1543381839|size:35286|exec:0|csum:C0AAD8CA21730C472D624582C058B929
file:./-fsysv|io:i|time:0|size:-1|exec:0|csum:
file:../../../sv/weights_pkg.sv|io:i|time:1772858787|size:112125|exec:0|csum:B4C82FBDC81CEFB6B88A2A671CA0F498
file:./-fsysv|io:i|time:0|size:-1|exec:0|csum:
file:../../../sv/fifo.sv|io:i|time:1772857681|size:2496|exec:0|csum:A180C3254467BD6327CE09F46D999E46
file:./-fsysv|io:i|time:0|size:-1|exec:0|csum:
file:../../../sv/neuron.sv|io:i|time:1772857404|size:2901|exec:0|csum:105FCC9ED267ACC834228BF20671AE48
file:./-fsysv|io:i|time:0|size:-1|exec:0|csum:
file:../../../sv/layer.sv|io:i|time:1772920260|size:4931|exec:0|csum:5D3DAF155CD6CE862A67914F3081B071
file:./-fsysv|io:i|time:0|size:-1|exec:0|csum:
file:../../../sv/argmax.sv|io:i|time:1772927552|size:3105|exec:0|csum:97AC119FAF836E37960CF9F76B06AC4E
file:./-fsysv|io:i|time:0|size:-1|exec:0|csum:
file:../../../sv/top_nn.sv|io:i|time:1772927610|size:3432|exec:0|csum:91B72B5AE24BB75688487E000B7C8101
file:/vol/synopsys/fpga/O-2018.09-SP1/linux_a_64/c_hdl|io:i|time:1543382462|size:8760008|exec:1|csum:CF968C540087EF9F5288FFCDBF191EA5
file:/vol/synopsys/fpga/O-2018.09-SP1/bin/c_hdl|io:i|time:1543382354|size:367|exec:1|csum:E52A0D56112AD6C22F02B648B6F508CE
